2024-09-06 11:00:01 INFO Performance monitoring started
2024-09-06 11:00:05 DEBUG Initializing system metrics
2024-09-06 11:00:07 INFO All performance counters active

2024-09-06 11:01:00 WARN High memory usage detected
2024-09-06 11:01:05 DEBUG Analyzing memory allocation
2024-09-06 11:01:10 INFO Memory leak identified and fixed

2024-09-06 11:02:00 ERROR Disk I/O bottleneck
2024-09-06 11:02:05 INFO Initiating disk defragmentation
2024-09-06 11:02:10 DEBUG Optimizing file system

2024-09-06 11:03:00 INFO CPU utilization spike
2024-09-06 11:03:05 DEBUG Identifying resource-intensive processes
2024-09-06 11:03:10 INFO Adjusting process priorities

2024-09-06 11:04:00 WARN Slow database query detected
2024-09-06 11:04:05 INFO Optimizing database indexes
2024-09-06 11:04:10 DEBUG Analyzing query execution plan

2024-09-06 11:05:00 INFO Load balancer health check
2024-09-06 11:05:05 DEBUG Verifying server response times
2024-09-06 11:05:10 INFO All servers responding within threshold

2024-09-06 11:06:00 ERROR Application server not responding
2024-09-06 11:06:05 INFO Restarting application server
2024-09-06 11:06:10 DEBUG Clearing application cache

2024-09-06 11:07:00 INFO Garbage collection initiated
2024-09-06 11:07:05 DEBUG Freeing unused memory
2024-09-06 11:07:10 INFO Memory usage optimized

2024-09-06 11:08:00 WARN Network latency increasing
2024-09-06 11:08:05 INFO Adjusting network buffer sizes
2024-09-06 11:08:10 DEBUG Monitoring packet loss

2024-09-06 11:09:00 INFO Performance benchmark started
2024-09-06 11:09:05 DEBUG Running stress tests
2024-09-06 11:09:10 INFO Benchmark results: 95% efficiency
