2024-09-06 08:00:01 INFO Server started
2024-09-06 08:00:05 DEBUG Initializing database connection
2024-09-06 08:00:07 INFO Database connected successfully
2024-09-06 08:00:10 DEBUG Loading user preferences

2024-09-06 08:01:00 INFO User login: alice@example.com
2024-09-06 08:01:02 DEBUG Fetching user data
2024-09-06 08:01:05 INFO Profile updated: alice@example.com
2024-09-06 08:01:10 WARN Slow query detected

2024-09-06 08:02:00 ERROR Failed login attempt: bob@example.com
2024-09-06 08:02:05 INFO Password reset requested: bob@example.com
2024-09-06 08:02:10 DEBUG Sending password reset email

2024-09-06 08:03:00 INFO New user registered: charlie@example.com
2024-09-06 08:03:05 DEBUG Creating user profile
2024-09-06 08:03:10 INFO Welcome email sent: charlie@example.com

2024-09-06 08:04:00 WARN High CPU usage detected
2024-09-06 08:04:05 INFO Initiating automatic scaling
2024-09-06 08:04:10 DEBUG Launching new instance

2024-09-06 08:05:00 INFO User logout: alice@example.com
2024-09-06 08:05:05 DEBUG Clearing session data
2024-09-06 08:05:10 INFO Session terminated successfully

2024-09-06 08:06:00 ERROR Database connection lost
2024-09-06 08:06:05 INFO Attempting reconnection
2024-09-06 08:06:10 INFO Database reconnected successfully

2024-09-06 08:07:00 DEBUG Performing routine backup
2024-09-06 08:07:05 INFO Backup completed successfully
2024-09-06 08:07:10 DEBUG Cleaning up temporary files

2024-09-06 08:08:00 WARN Low disk space
2024-09-06 08:08:05 INFO Initiating cleanup procedure
2024-09-06 08:08:10 DEBUG Removing old log files

2024-09-06 08:09:00 INFO System health check initiated
2024-09-06 08:09:05 DEBUG Checking all services
2024-09-06 08:09:10 INFO All systems operational
