2024-09-09 07:30:00 INFO Server startup sequence initiated
2024-09-09 07:30:05 DEBUG Checking system requirements
2024-09-09 07:30:10 INFO All requirements met
2024-09-09 07:30:15 DEBUG Initializing core modules

2024-09-09 07:31:00 INFO User login: david@example.com
2024-09-09 07:31:05 DEBUG Retrieving user preferences
2024-09-09 07:31:10 INFO Session started for david@example.com
2024-09-09 07:31:15 WARN Unusual login location detected

2024-09-09 07:32:00 ERROR Failed API request: Invalid token
2024-09-09 07:32:05 INFO Notifying admin about API issue
2024-09-09 07:32:10 DEBUG Logging failed request details

2024-09-09 07:33:00 INFO New account created: emma@example.com
2024-09-09 07:33:05 DEBUG Initializing user settings
2024-09-09 07:33:10 INFO Welcome package sent to emma@example.com

2024-09-09 07:34:00 WARN High network latency detected
2024-09-09 07:34:05 INFO Initiating network diagnostics
2024-09-09 07:34:10 DEBUG Running traceroute to identify bottlenecks

2024-09-09 07:35:00 INFO User logout: david@example.com
2024-09-09 07:35:05 DEBUG Saving user session state
2024-09-09 07:35:10 INFO Session ended for david@example.com

2024-09-09 07:36:00 ERROR Database query timeout
2024-09-09 07:36:05 INFO Attempting query optimization
2024-09-09 07:36:10 INFO Query successfully optimized and executed

2024-09-09 07:37:00 DEBUG Starting scheduled maintenance
2024-09-09 07:37:05 INFO Applying security patches
2024-09-09 07:37:10 DEBUG Restarting affected services

2024-09-09 07:38:00 WARN Memory usage approaching threshold
2024-09-09 07:38:05 INFO Initiating garbage collection
2024-09-09 07:38:10 DEBUG Analyzing memory allocation patterns

2024-09-09 07:39:00 INFO Automated report generation started
2024-09-09 07:39:05 DEBUG Collecting system metrics
2024-09-09 07:39:10 INFO Report sent to system administrators