2024-09-07 12:00:01 INFO System startup initiated
2024-09-07 12:00:05 DEBUG Loading kernel modules
2024-09-07 12:00:07 INFO Kernel loaded successfully

2024-09-07 12:01:00 WARN CPU temperature rising
2024-09-07 12:01:05 DEBUG Activating cooling system
2024-09-07 12:01:10 INFO Temperature stabilized

2024-09-07 12:02:00 ERROR Network adapter failure
2024-09-07 12:02:05 INFO Resetting network adapter
2024-09-07 12:02:10 DEBUG Network adapter operational

2024-09-07 12:03:00 INFO System resources check
2024-09-07 12:03:05 DEBUG CPU and memory usage within limits
2024-09-07 12:03:10 INFO Resource check completed

2024-09-07 12:04:00 WARN Disk space running low
2024-09-07 12:04:05 INFO Initiating cleanup of temporary files
2024-09-07 12:04:10 DEBUG Temporary files removed, disk space freed

2024-09-07 12:05:00 INFO Database connection established
2024-09-07 12:05:05 DEBUG Running database health check
2024-09-07 12:05:10 INFO Database health check passed

2024-09-07 12:06:00 ERROR Unexpected shutdown detected
2024-09-07 12:06:05 INFO System recovery in progress
2024-09-07 12:06:10 DEBUG Restoring services from backup

2024-09-07 12:07:00 INFO Backup restoration completed
2024-09-07 12:07:05 DEBUG Verifying system integrity
2024-09-07 12:07:10 INFO System integrity check successful

2024-09-07 12:08:00 WARN High network traffic detected
2024-09-07 12:08:05 INFO Balancing network load across servers
2024-09-07 12:08:10 DEBUG Monitoring traffic distribution

2024-09-07 12:09:00 INFO Performance optimization initiated
2024-09-07 12:09:05 DEBUG Analyzing system performance
2024-09-07 12:09:10 INFO Optimization complete, system running at 98% efficiency
